<?xml version="1.0" encoding="UTF-8"?>
<!-- Generated by org.testng.reporters.JUnitXMLReporter -->
<testsuite hostname="CDC2-D-CJ3MXJ2" ignored="0" name="Test" tests="3" failures="0" timestamp="02 Apr 2019 09:52:19 GMT" time="0.866" errors="0">
  <testcase name="@BeforeClass beforeMethod" time="0.105" classname="Day2.Day2Demo.NewTest11">
    <failure type="java.lang.NoClassDefFoundError" message="okhttp3/ConnectionPool">
      <![CDATA[java.lang.NoClassDefFoundError: okhttp3/ConnectionPool
at org.openqa.selenium.remote.internal.OkHttpClient$Factory.<init>(OkHttpClient.java:119)
at org.openqa.selenium.remote.internal.OkHttpClient$Factory.<init>(OkHttpClient.java:124)
at org.openqa.selenium.remote.http.HttpClient$Factory.createDefault(HttpClient.java:59)
at org.openqa.selenium.remote.HttpCommandExecutor.<clinit>(HttpCommandExecutor.java:47)
at org.openqa.selenium.chrome.ChromeDriver.<init>(ChromeDriver.java:181)
at org.openqa.selenium.chrome.ChromeDriver.<init>(ChromeDriver.java:168)
at org.openqa.selenium.chrome.ChromeDriver.<init>(ChromeDriver.java:123)
at Day2.Day2Demo.NewTest11.beforeMethod(NewTest11.java:24)
Caused by: java.lang.ClassNotFoundException: okhttp3.ConnectionPool
at java.net.URLClassLoader.findClass(Unknown Source)
at java.lang.ClassLoader.loadClass(Unknown Source)
at sun.misc.Launcher$AppClassLoader.loadClass(Unknown Source)
at java.lang.ClassLoader.loadClass(Unknown Source)
... 34 more
... Removed 26 stack frames]]>
    </failure>
  </testcase> <!-- @BeforeClass beforeMethod -->
  <testcase name="@AfterClass afterMethod" time="0.0" classname="Day2.Day2Demo.NewTest11">
    <skipped/>
  </testcase> <!-- @AfterClass afterMethod -->
  <testcase name="testDemoWebShop" time="0.0" classname="Day2.Day2Demo.NewTest11">
    <skipped/>
  </testcase> <!-- testDemoWebShop -->
  <testcase name="testDemoWebShop" time="0.0" classname="Day2.Day2Demo.NewTest11">
    <skipped/>
  </testcase> <!-- testDemoWebShop -->
  <testcase name="testDemoWebShop" time="0.0" classname="Day2.Day2Demo.NewTest11">
    <skipped/>
  </testcase> <!-- testDemoWebShop -->
</testsuite> <!-- Test -->
